energy: 1.75804	throughput: 213670.0
*********************************Errror*********************************:
wifi-spatial-reuse-modified -runs=1 -numAp=2 -numSta=4 -duration=10 -dataRate=100000 -technology=1 -frequency=5 -channelWidth=160 -useUdp=1 -useRts=1 -guardInterval=1 -enableObssPd=1 -useExtendedBlockAck=1 -mcs=3
CompletedProcess(args=['./waf', '--run-no-build', 'wifi-spatial-reuse-modified -runs=1 -numAp=2 -numSta=4 -duration=10 -dataRate=100000 -technology=1 -frequency=5 -channelWidth=160 -useUdp=1 -useRts=1 -guardInterval=1 -enableObssPd=1 -useExtendedBlockAck=1 -mcs=3'], returncode=1, stdout="Waf: Entering directory `/mnt/d/Users/Miguel/ns3/ns-allinone-3.33/ns-3.33/build'\n", stderr='aborted. cond="file->Fail ()", msg="Unable to Open critical_iot-8-0.pcap for mode 16", +0.000000000s -1 file=../src/network/helper/trace-helper.cc, line=60\nterminate called without an active exception\nCommand [\'/mnt/d/Users/Miguel/ns3/ns-allinone-3.33/ns-3.33/build/scratch/wifi-spatial-reuse-modified\', \'-runs=1\', \'-numAp=2\', \'-numSta=4\', \'-duration=10\', \'-dataRate=100000\', \'-technology=1\', \'-frequency=5\', \'-channelWidth=160\', \'-useUdp=1\', \'-useRts=1\', \'-guardInterval=1\', \'-enableObssPd=1\', \'-useExtendedBlockAck=1\', \'-mcs=3\'] terminated with signal SIGIOT. Run it under a debugger to get more information (./waf --run <program> --gdb").\n')
energy: 1.0	throughput: 1.0
*********************************Errror*********************************:
wifi-spatial-reuse-modified -runs=1 -numAp=2 -numSta=4 -duration=10 -dataRate=100000 -technology=1 -frequency=5 -channelWidth=20 -useUdp=1 -useRts=0 -guardInterval=0 -enableObssPd=0 -useExtendedBlockAck=1 -mcs=25
CompletedProcess(args=['./waf', '--run-no-build', 'wifi-spatial-reuse-modified -runs=1 -numAp=2 -numSta=4 -duration=10 -dataRate=100000 -technology=1 -frequency=5 -channelWidth=20 -useUdp=1 -useRts=0 -guardInterval=0 -enableObssPd=0 -useExtendedBlockAck=1 -mcs=25'], returncode=1, stdout="Waf: Entering directory `/mnt/d/Users/Miguel/ns3/ns-allinone-3.33/ns-3.33/build'\n", stderr='aborted. cond="file->Fail ()", msg="Unable to Open critical_iot-8-0.pcap for mode 16", +0.000000000s -1 file=../src/network/helper/trace-helper.cc, line=60\nterminate called without an active exception\nCommand [\'/mnt/d/Users/Miguel/ns3/ns-allinone-3.33/ns-3.33/build/scratch/wifi-spatial-reuse-modified\', \'-runs=1\', \'-numAp=2\', \'-numSta=4\', \'-duration=10\', \'-dataRate=100000\', \'-technology=1\', \'-frequency=5\', \'-channelWidth=20\', \'-useUdp=1\', \'-useRts=0\', \'-guardInterval=0\', \'-enableObssPd=0\', \'-useExtendedBlockAck=1\', \'-mcs=25\'] terminated with signal SIGIOT. Run it under a debugger to get more information (./waf --run <program> --gdb").\n')
energy: 1.0	throughput: 1.0
*********************************Errror*********************************:
wifi-spatial-reuse-modified -runs=1 -numAp=2 -numSta=4 -duration=10 -dataRate=100000 -technology=1 -frequency=5 -channelWidth=20 -useUdp=1 -useRts=1 -guardInterval=1 -enableObssPd=0 -useExtendedBlockAck=1 -mcs=10
CompletedProcess(args=['./waf', '--run-no-build', 'wifi-spatial-reuse-modified -runs=1 -numAp=2 -numSta=4 -duration=10 -dataRate=100000 -technology=1 -frequency=5 -channelWidth=20 -useUdp=1 -useRts=1 -guardInterval=1 -enableObssPd=0 -useExtendedBlockAck=1 -mcs=10'], returncode=1, stdout="Waf: Entering directory `/mnt/d/Users/Miguel/ns3/ns-allinone-3.33/ns-3.33/build'\n", stderr='aborted. cond="file->Fail ()", msg="Unable to Open critical_iot-8-0.pcap for mode 16", +0.000000000s -1 file=../src/network/helper/trace-helper.cc, line=60\nterminate called without an active exception\nCommand [\'/mnt/d/Users/Miguel/ns3/ns-allinone-3.33/ns-3.33/build/scratch/wifi-spatial-reuse-modified\', \'-runs=1\', \'-numAp=2\', \'-numSta=4\', \'-duration=10\', \'-dataRate=100000\', \'-technology=1\', \'-frequency=5\', \'-channelWidth=20\', \'-useUdp=1\', \'-useRts=1\', \'-guardInterval=1\', \'-enableObssPd=0\', \'-useExtendedBlockAck=1\', \'-mcs=10\'] terminated with signal SIGIOT. Run it under a debugger to get more information (./waf --run <program> --gdb").\n')
energy: 1.0	throughput: 1.0
*********************************Errror*********************************:
wifi-spatial-reuse-modified -runs=1 -numAp=2 -numSta=4 -duration=10 -dataRate=100000 -technology=0 -frequency=6 -channelWidth=160 -useUdp=1 -useRts=0 -guardInterval=800 -enableObssPd=0 -useExtendedBlockAck=0 -mcs=8
CompletedProcess(args=['./waf', '--run-no-build', 'wifi-spatial-reuse-modified -runs=1 -numAp=2 -numSta=4 -duration=10 -dataRate=100000 -technology=0 -frequency=6 -channelWidth=160 -useUdp=1 -useRts=0 -guardInterval=800 -enableObssPd=0 -useExtendedBlockAck=0 -mcs=8'], returncode=1, stdout="Waf: Entering directory `/mnt/d/Users/Miguel/ns3/ns-allinone-3.33/ns-3.33/build'\n", stderr='aborted. cond="file->Fail ()", msg="Unable to Open critical_iot-8-0.pcap for mode 16", +0.000000000s -1 file=../src/network/helper/trace-helper.cc, line=60\nterminate called without an active exception\nCommand [\'/mnt/d/Users/Miguel/ns3/ns-allinone-3.33/ns-3.33/build/scratch/wifi-spatial-reuse-modified\', \'-runs=1\', \'-numAp=2\', \'-numSta=4\', \'-duration=10\', \'-dataRate=100000\', \'-technology=0\', \'-frequency=6\', \'-channelWidth=160\', \'-useUdp=1\', \'-useRts=0\', \'-guardInterval=800\', \'-enableObssPd=0\', \'-useExtendedBlockAck=0\', \'-mcs=8\'] terminated with signal SIGIOT. Run it under a debugger to get more information (./waf --run <program> --gdb").\n')
energy: 1.0	throughput: 1.0
energy: 1.76051	throughput: 182723.0
energy: 1.76597	throughput: 216504.0
energy: 1.78115	throughput: 182723.0
energy: 1.744	throughput: 53250.8
energy: 1.74913	throughput: 182723.0
[[1, 5, 80, 0, 1, 0, 1, 0, 26, 8.156754609614603e-06], [1, 5, 20, 1, 0, 1, 1, 1, 7, 9.634857133475261e-06], [0, 6, 40, 1, 1, 800, 0, 0, 10, 9.5725770702101e-06], [0, 5, 20, 0, 1, 1600, 0, 1, 8, 3.2750681679899645e-05], [1, 5, 80, 0, 0, 1, 1, 0, 4, 8.2278279590022e-06], [1, 5, 80, 1, 0, 0, 1, 0, 22, 9.747814998659173e-06], [1, 5, 160, 1, 1, 1, 1, 1, 3, 1.0], [1, 5, 20, 1, 0, 0, 0, 1, 25, 1.0], [1, 5, 20, 1, 1, 1, 0, 1, 10, 1.0], [0, 6, 160, 1, 0, 800, 0, 0, 8, 1.0]]
Run: 0	 Scenario: 0
*********************************Errror*********************************:
wifi-spatial-reuse-modified -runs=1 -numAp=2 -numSta=4 -duration=10 -dataRate=100000 -technology=1 -frequency=5 -channelWidth=20 -useUdp=1 -useRts=0 -guardInterval=1 -enableObssPd=1 -useExtendedBlockAck=1 -mcs=14
CompletedProcess(args=['./waf', '--run-no-build', 'wifi-spatial-reuse-modified -runs=1 -numAp=2 -numSta=4 -duration=10 -dataRate=100000 -technology=1 -frequency=5 -channelWidth=20 -useUdp=1 -useRts=0 -guardInterval=1 -enableObssPd=1 -useExtendedBlockAck=1 -mcs=14'], returncode=68, stdout="Waf: Entering directory `/mnt/d/Users/Miguel/ns3/ns-allinone-3.33/ns-3.33/build'\nInterrupted \n", stderr='')
energy: 1.0	throughput: 1.0
*********************************Errror*********************************:
wifi-spatial-reuse-modified -runs=1 -numAp=2 -numSta=4 -duration=10 -dataRate=100000 -technology=0 -frequency=6 -channelWidth=40 -useUdp=1 -useRts=1 -guardInterval=800 -enableObssPd=0 -useExtendedBlockAck=1 -mcs=10
CompletedProcess(args=['./waf', '--run-no-build', 'wifi-spatial-reuse-modified -runs=1 -numAp=2 -numSta=4 -duration=10 -dataRate=100000 -technology=0 -frequency=6 -channelWidth=40 -useUdp=1 -useRts=1 -guardInterval=800 -enableObssPd=0 -useExtendedBlockAck=1 -mcs=10'], returncode=68, stdout="Waf: Entering directory `/mnt/d/Users/Miguel/ns3/ns-allinone-3.33/ns-3.33/build'\nInterrupted \n", stderr='')
energy: 1.0	throughput: 1.0
*********************************Errror*********************************:
wifi-spatial-reuse-modified -runs=1 -numAp=2 -numSta=4 -duration=10 -dataRate=100000 -technology=0 -frequency=5 -channelWidth=20 -useUdp=0 -useRts=0 -guardInterval=1600 -enableObssPd=0 -useExtendedBlockAck=1 -mcs=8
CompletedProcess(args=['./waf', '--run-no-build', 'wifi-spatial-reuse-modified -runs=1 -numAp=2 -numSta=4 -duration=10 -dataRate=100000 -technology=0 -frequency=5 -channelWidth=20 -useUdp=0 -useRts=0 -guardInterval=1600 -enableObssPd=0 -useExtendedBlockAck=1 -mcs=8'], returncode=68, stdout="Waf: Entering directory `/mnt/d/Users/Miguel/ns3/ns-allinone-3.33/ns-3.33/build'\nInterrupted \n", stderr='')
energy: 1.0	throughput: 1.0
*********************************Errror*********************************:
wifi-spatial-reuse-modified -runs=1 -numAp=2 -numSta=4 -duration=10 -dataRate=100000 -technology=1 -frequency=5 -channelWidth=80 -useUdp=0 -useRts=0 -guardInterval=1 -enableObssPd=0 -useExtendedBlockAck=0 -mcs=4
CompletedProcess(args=['./waf', '--run-no-build', 'wifi-spatial-reuse-modified -runs=1 -numAp=2 -numSta=4 -duration=10 -dataRate=100000 -technology=1 -frequency=5 -channelWidth=80 -useUdp=0 -useRts=0 -guardInterval=1 -enableObssPd=0 -useExtendedBlockAck=0 -mcs=4'], returncode=68, stdout="Waf: Entering directory `/mnt/d/Users/Miguel/ns3/ns-allinone-3.33/ns-3.33/build'\nInterrupted \n", stderr='')
energy: 1.0	throughput: 1.0
*********************************Errror*********************************:
wifi-spatial-reuse-modified -runs=1 -numAp=2 -numSta=4 -duration=10 -dataRate=100000 -technology=1 -frequency=5 -channelWidth=80 -useUdp=0 -useRts=1 -guardInterval=0 -enableObssPd=1 -useExtendedBlockAck=0 -mcs=7
CompletedProcess(args=['./waf', '--run-no-build', 'wifi-spatial-reuse-modified -runs=1 -numAp=2 -numSta=4 -duration=10 -dataRate=100000 -technology=1 -frequency=5 -channelWidth=80 -useUdp=0 -useRts=1 -guardInterval=0 -enableObssPd=1 -useExtendedBlockAck=0 -mcs=7'], returncode=68, stdout="Waf: Entering directory `/mnt/d/Users/Miguel/ns3/ns-allinone-3.33/ns-3.33/build'\nInterrupted \n", stderr='')
energy: 1.0	throughput: 1.0
*********************************Errror*********************************:
wifi-spatial-reuse-modified -runs=1 -numAp=2 -numSta=4 -duration=10 -dataRate=100000 -technology=1 -frequency=5 -channelWidth=80 -useUdp=0 -useRts=0 -guardInterval=0 -enableObssPd=1 -useExtendedBlockAck=0 -mcs=22
CompletedProcess(args=['./waf', '--run-no-build', 'wifi-spatial-reuse-modified -runs=1 -numAp=2 -numSta=4 -duration=10 -dataRate=100000 -technology=1 -frequency=5 -channelWidth=80 -useUdp=0 -useRts=0 -guardInterval=0 -enableObssPd=1 -useExtendedBlockAck=0 -mcs=22'], returncode=68, stdout="Waf: Entering directory `/mnt/d/Users/Miguel/ns3/ns-allinone-3.33/ns-3.33/build'\nInterrupted \n", stderr='')
energy: 1.0	throughput: 1.0
