root@MIKE-LAPTOP:/mnt/d/Users/Miguel/ns3/ns-3-allinone/ns-3.33# python3 "/mnt/d/Users/Miguel/Documents/Engenharia Informática/UC/Ano 5/IoT/cenario_IoT/evo.py"
energy: 20.7775	throughput: 2350120.0
energy: 20.7553	throughput: 2350040.0
energy: 20.7475	throughput: 2350110.0
energy: 20.8329	throughput: 2524160.0
energy: 21.4981	throughput: 2524240.0
energy: 20.8562	throughput: 2524280.0
energy: 20.748	throughput: 2350040.0
energy: 20.9794	throughput: 2524160.0
energy: 20.684	throughput: 2524540.0
energy: 20.8792	throughput: 2524440.0
energy: 5.75937	throughput: 574920.0
energy: 6.12171	throughput: 2524380.0
energy: 6.07615	throughput: 2524380.0
energy: 5.90373	throughput: 549920.0
energy: 20.7259	throughput: 2350120.0
energy: 20.9131	throughput: 2350240.0
energy: 20.7939	throughput: 2524200.0
energy: 6.33716	throughput: 2349850.0
energy: 5.89619	throughput: 574920.0
energy: 6.55325	throughput: 2350170.0
energy: 6.46475	throughput: 2524200.0
energy: 6.37413	throughput: 2350030.0
energy: 5.82811	throughput: 549920.0
energy: 6.34539	throughput: 2350080.0
energy: 6.3824	throughput: 2524200.0
[[0, 5, 20, 0, 1, 1600, 0, 1, 2, 2.5611084700103003e-06], [1, 5, 160, 1, 0, 1, 1, 0, 21, 8.82831016420508e-06], [0, 5, 80, 0, 0, 3200, 1, 1, 1, 2.425035058113279e-06], [1, 5, 80, 1, 0, 0, 1, 1, 6, 8.841037904447432e-06], [1, 5, 20, 0, 1, 1, 1, 0, 19, 8.253399150608518e-06], [0, 6, 40, 0, 0, 3200, 1, 0, 4, 2.406987062169721e-06], [1, 5, 160, 1, 0, 0, 0, 0, 13, 8.831892223111095e-06], [0, 5, 80, 1, 0, 800, 1, 0, 4, 2.6968359682532927e-06], [1, 5, 160, 0, 1, 0, 0, 0, 8, 8.516662440972332e-06], [0, 5, 80, 0, 0, 800, 1, 1, 11, 1.0017689417658108e-05], [1, 5, 160, 0, 1, 1, 0, 0, 5, 8.262237152772277e-06], [1, 5, 160, 1, 0, 0, 1, 0, 20, 8.828785893006077e-06], [1, 5, 20, 0, 1, 1, 0, 1, 17, 8.311438260649087e-06], [1, 5, 20, 0, 0, 0, 1, 0, 13, 8.193175786479913e-06], [0, 5, 160, 1, 0, 1600, 0, 1, 0, 2.7884153061267908e-06], [1, 5, 160, 0, 0, 0, 0, 1, 3, 8.27082442046553e-06], [0, 5, 40, 1, 0, 800, 1, 0, 1, 2.7123611187942283e-06], [0, 6, 160, 1, 1, 1600, 0, 1, 10, 1.0735616089613035e-05], [1, 5, 40, 1, 0, 1, 1, 0, 15, 8.819081578812996e-06], [0, 6, 80, 1, 0, 1600, 1, 0, 4, 2.70007404003268e-06], [1, 5, 40, 1, 1, 0, 0, 1, 20, 8.898282728572401e-06], [0, 5, 80, 0, 1, 3200, 1, 0, 11, 1.0255670354136227e-05], [1, 5, 40, 0, 1, 0, 1, 1, 13, 8.237817922510102e-06], [0, 5, 40, 0, 1, 800, 1, 0, 4, 2.5284842722446715e-06], [0, 6, 20, 1, 0, 3200, 0, 0, 10, 1.0598105178935117e-05]]
Run: 0	 Scenario: 0
energy: 21.0285	throughput: 2350080.0
energy: 6.12171	throughput: 2524380.0
energy: 6.07615	throughput: 2524380.0
energy: 20.7939	throughput: 2524200.0
energy: 20.7939	throughput: 2524200.0
energy: 20.8329	throughput: 2524160.0
energy: 20.8562	throughput: 2524280.0
energy: 20.8792	throughput: 2524440.0
energy: 20.9794	throughput: 2524160.0
energy: 20.7259	throughput: 2350120.0
energy: 20.7475	throughput: 2350110.0
energy: 20.7775	throughput: 2350120.0
energy: 20.7553	throughput: 2350040.0
energy: 6.37413	throughput: 2350030.0
energy: 6.36624	throughput: 2350090.0
energy: 20.7775	throughput: 2350120.0
energy: 6.55325	throughput: 2350170.0
energy: 5.73494	throughput: 574920.0
energy: 20.9131	throughput: 2350240.0
energy: 6.46557	throughput: 2524200.0
energy: 6.3824	throughput: 2524200.0
energy: 5.75937	throughput: 574920.0
energy: 5.82811	throughput: 549920.0
energy: 5.89619	throughput: 574920.0
energy: 5.90373	throughput: 549920.0
energy: 20.9697	throughput: 2524200.0
energy: 5.6414	throughput: 574920.0
energy: 5.75972	throughput: 574920.0
energy: 5.92093	throughput: 549920.0
energy: 6.1017	throughput: 2524440.0
[[0, 6, 40, 0, 0, 3200, 1, 0, 4, 2.406987062169721e-06], [0, 6, 40, 0, 0, 3200, 1, 0, 4, 2.406987062169721e-06], [0, 6, 20, 0, 0, 1600, 0, 0, 1, 2.4170509103008984e-06], [0, 5, 80, 0, 0, 3200, 1, 1, 1, 2.425035058113279e-06], [0, 5, 80, 0, 0, 3200, 1, 1, 1, 2.425035058113279e-06], [0, 5, 40, 0, 1, 800, 1, 0, 4, 2.5284842722446715e-06], [0, 5, 40, 0, 1, 800, 1, 0, 4, 2.5284842722446715e-06], [0, 5, 20, 0, 1, 1600, 0, 0, 2, 2.5614333254100307e-06], [0, 5, 20, 0, 1, 1600, 0, 0, 2, 2.5614333254100307e-06], [0, 5, 80, 1, 0, 3200, 1, 0, 4, 2.7089345514427108e-06], [0, 5, 80, 1, 0, 3200, 1, 0, 4, 2.7089345514427108e-06], [0, 5, 40, 1, 0, 800, 1, 0, 1, 2.7123611187942283e-06], [0, 5, 40, 1, 0, 800, 1, 0, 1, 2.7123611187942283e-06], [0, 5, 160, 1, 0, 1600, 0, 1, 0, 2.7884153061267908e-06], [0, 5, 160, 1, 0, 1600, 0, 1, 0, 2.7884153061267908e-06], [1, 5, 20, 0, 1, 0, 1, 0, 13, 8.237817922510102e-06], [1, 5, 40, 0, 1, 0, 1, 1, 13, 8.237817922510102e-06], [1, 5, 20, 0, 1, 1, 0, 0, 19, 8.253399150608518e-06], [1, 5, 160, 0, 1, 1, 1, 0, 5, 8.262237152772277e-06], [1, 5, 160, 0, 0, 0, 0, 1, 3, 8.27082442046553e-06], [1, 5, 40, 0, 1, 0, 1, 0, 10, 8.30746375089137e-06], [1, 5, 20, 0, 1, 1, 0, 1, 17, 8.311438260649087e-06], [0, 5, 20, 0, 0, 1600, 0, 1, 6, 9.812495651568913e-06], [0, 5, 160, 0, 0, 800, 0, 0, 11, 1.0018298198010157e-05], [0, 5, 40, 1, 1, 3200, 1, 1, 11, 1.0766893366307827e-05]]
Run: 1	 Scenario: 0
energy: 21.0984	throughput: 2524460.0
energy: 21.0285	throughput: 2350080.0
energy: 6.11896	throughput: 2524340.0
energy: 6.09929	throughput: 2524380.0
energy: 6.12171	throughput: 2524380.0
energy: 6.07615	throughput: 2524380.0
energy: 6.09754	throughput: 2524380.0
energy: 20.838	throughput: 2350050.0
energy: 5.64011	throughput: 574920.0
energy: 20.7939	throughput: 2524200.0
energy: 20.7939	throughput: 2524200.0
energy: 20.8329	throughput: 2524160.0
energy: 20.8562	throughput: 2524280.0
energy: 20.924	throughput: 2349990.0
energy: 20.9163	throughput: 2524340.0
energy: 20.9794	throughput: 2524160.0
energy: 6.3824	throughput: 2524200.0
energy: 6.46557	throughput: 2524200.0
energy: 5.69877	throughput: 549920.0
energy: 6.22776	throughput: 2524460.0
energy: 5.75972	throughput: 574920.0
energy: 5.89674	throughput: 574920.0
energy: 6.37255	throughput: 2350030.0
energy: 6.41953	throughput: 2350050.0
energy: 6.55325	throughput: 2350170.0
energy: 20.678	throughput: 2524540.0
energy: 20.8848	throughput: 2350130.0
energy: 20.8845	throughput: 2350120.0
energy: 5.76413	throughput: 574920.0
energy: 6.0298	throughput: 1874560.0
[[0, 6, 40, 0, 0, 3200, 1, 0, 4, 2.406987062169721e-06], [0, 6, 40, 0, 0, 3200, 1, 0, 4, 2.406987062169721e-06], [0, 5, 20, 0, 0, 1600, 0, 0, 2, 2.415460429887735e-06], [0, 5, 20, 0, 0, 1600, 0, 0, 2, 2.415460429887735e-06], [0, 5, 80, 0, 0, 1600, 0, 1, 1, 2.4161536694158566e-06], [0, 5, 80, 0, 0, 1600, 0, 1, 1, 2.4161536694158566e-06], [0, 5, 40, 0, 0, 3200, 1, 0, 1, 2.4239840908910847e-06], [0, 5, 40, 0, 0, 3200, 1, 0, 1, 2.4239840908910847e-06], [0, 5, 80, 0, 0, 3200, 0, 1, 1, 2.425035058113279e-06], [0, 5, 80, 0, 0, 3200, 0, 1, 1, 2.425035058113279e-06], [0, 5, 160, 0, 0, 1600, 0, 1, 0, 2.466967192983846e-06], [0, 5, 160, 0, 0, 1600, 0, 1, 0, 2.466967192983846e-06], [0, 5, 40, 0, 1, 800, 1, 0, 4, 2.5284842722446715e-06], [0, 5, 40, 0, 1, 800, 1, 0, 4, 2.5284842722446715e-06], [0, 5, 20, 0, 1, 1600, 0, 0, 2, 2.5614333254100307e-06], [0, 5, 40, 1, 0, 800, 0, 1, 1, 2.711688786951656e-06], [0, 5, 40, 1, 0, 3200, 1, 0, 1, 2.7316567732601435e-06], [0, 5, 160, 1, 0, 1600, 0, 1, 0, 2.7884153061267908e-06], [0, 5, 80, 0, 0, 3200, 0, 0, 5, 3.2166481734380333e-06], [1, 5, 20, 0, 0, 1, 1, 1, 21, 8.190799115878537e-06], [1, 5, 20, 0, 1, 1, 0, 0, 13, 8.237817922510102e-06], [1, 5, 40, 0, 1, 0, 1, 1, 13, 8.237817922510102e-06], [1, 5, 20, 1, 1, 0, 0, 1, 14, 8.886567494425817e-06], [1, 5, 160, 1, 1, 1, 1, 0, 15, 8.886657333849616e-06], [0, 6, 40, 0, 0, 1600, 0, 0, 11, 1.0025968830445975e-05]]
Run: 2	 Scenario: 0
energy: 5.64136	throughput: 574920.0
energy: 5.64388	throughput: 574920.0
energy: 6.11896	throughput: 2524340.0
energy: 6.09929	throughput: 2524380.0
energy: 6.09929	throughput: 2524380.0
energy: 6.07615	throughput: 2524380.0
energy: 6.07615	throughput: 2524380.0
energy: 5.64015	throughput: 574920.0
energy: 6.11896	throughput: 2524340.0
energy: 6.12171	throughput: 2524380.0
energy: 6.22776	throughput: 2524460.0
energy: 6.22776	throughput: 2524460.0
energy: 6.08351	throughput: 2524460.0
energy: 6.11896	throughput: 2524340.0
energy: 20.8135	throughput: 2524560.0
energy: 20.7939	throughput: 2524200.0
energy: 20.7939	throughput: 2524200.0
energy: 20.8845	throughput: 2350120.0
energy: 20.8848	throughput: 2350130.0
energy: 5.82239	throughput: 549920.0
energy: 6.3824	throughput: 2524200.0
energy: 6.3824	throughput: 2524200.0
energy: 5.76413	throughput: 574920.0
energy: 6.0298	throughput: 1874560.0
energy: 6.46557	throughput: 2524200.0
energy: 21.5924	throughput: 2351710.0
energy: 21.1099	throughput: 2350090.0
energy: 5.81664	throughput: 549920.0
energy: 6.36342	throughput: 2524200.0
energy: 7.14771	throughput: 2350150.0
[[0, 6, 40, 0, 0, 3200, 1, 0, 4, 2.406987062169721e-06], [0, 6, 40, 0, 0, 3200, 1, 0, 4, 2.406987062169721e-06], [0, 6, 40, 0, 0, 3200, 1, 0, 4, 2.406987062169721e-06], [0, 6, 40, 0, 0, 3200, 1, 0, 4, 2.406987062169721e-06], [0, 5, 40, 0, 0, 800, 0, 1, 1, 2.409826259873399e-06], [0, 5, 40, 0, 0, 800, 0, 1, 1, 2.409826259873399e-06], [0, 5, 80, 0, 0, 1600, 0, 1, 1, 2.4161536694158566e-06], [0, 5, 80, 0, 0, 1600, 0, 1, 1, 2.4161536694158566e-06], [0, 5, 80, 0, 0, 1600, 0, 1, 1, 2.4161536694158566e-06], [0, 5, 80, 0, 0, 1600, 0, 1, 1, 2.4161536694158566e-06], [0, 5, 40, 0, 0, 3200, 1, 0, 1, 2.4239840908910847e-06], [0, 5, 40, 0, 0, 3200, 1, 0, 1, 2.4239840908910847e-06], [0, 5, 40, 0, 0, 3200, 1, 0, 1, 2.4239840908910847e-06], [0, 5, 40, 0, 0, 3200, 1, 0, 1, 2.4239840908910847e-06], [0, 5, 40, 0, 0, 3200, 1, 0, 1, 2.4239840908910847e-06], [0, 5, 80, 0, 0, 3200, 0, 1, 1, 2.425035058113279e-06], [0, 5, 160, 0, 0, 1600, 0, 1, 0, 2.466967192983846e-06], [0, 5, 160, 0, 0, 1600, 1, 1, 0, 2.466967192983846e-06], [0, 6, 40, 0, 1, 800, 1, 1, 3, 2.520965058236273e-06], [0, 5, 80, 0, 1, 800, 1, 0, 4, 2.5284842722446715e-06], [0, 6, 80, 0, 1, 800, 1, 0, 4, 2.5284842722446715e-06], [0, 5, 160, 1, 1, 800, 0, 1, 0, 3.041384592472821e-06], [1, 5, 40, 1, 1, 0, 0, 0, 3, 8.982592156045088e-06], [1, 5, 80, 1, 1, 0, 1, 1, 16, 9.181574258730882e-06], [0, 5, 40, 1, 0, 800, 1, 1, 10, 1.0577247599650857e-05]]
Run: 3	 Scenario: 0
energy: 20.7873	throughput: 2524500.0
energy: 6.11228	throughput: 2524340.0
energy: 6.08351	throughput: 2524460.0
energy: 6.08351	throughput: 2524460.0
energy: 6.09929	throughput: 2524380.0
energy: 6.07615	throughput: 2524380.0
energy: 6.09929	throughput: 2524380.0
energy: 6.11896	throughput: 2524340.0
energy: 6.09929	throughput: 2524380.0
energy: 6.1017	throughput: 2524440.0
energy: 6.11896	throughput: 2524340.0
energy: 6.11896	throughput: 2524340.0
energy: 6.07173	throughput: 2524360.0
energy: 6.81233	throughput: 2350080.0
energy: 6.22776	throughput: 2524460.0
energy: 6.2492	throughput: 2524420.0
energy: 6.22776	throughput: 2524460.0
energy: 22.1257	throughput: 2355930.0
energy: 21.3486	throughput: 2524200.0
energy: 21.1099	throughput: 2350090.0
energy: 6.41953	throughput: 2350050.0
energy: 5.89507	throughput: 549920.0
energy: 6.36342	throughput: 2524200.0
energy: 6.3824	throughput: 2524200.0
energy: 6.3824	throughput: 2524200.0
energy: 20.838	throughput: 2350050.0
energy: 21.1109	throughput: 2524080.0
energy: 21.2626	throughput: 2350150.0
energy: 5.89507	throughput: 549920.0
energy: 6.87623	throughput: 2351570.0
[[0, 5, 40, 0, 0, 3200, 1, 0, 3, 2.4052551933955534e-06], [0, 5, 40, 0, 0, 3200, 1, 0, 3, 2.4052551933955534e-06], [0, 6, 40, 0, 0, 3200, 1, 0, 4, 2.406987062169721e-06], [0, 6, 40, 0, 0, 3200, 1, 0, 4, 2.406987062169721e-06], [0, 5, 40, 0, 0, 800, 0, 1, 1, 2.409826259873399e-06], [0, 5, 40, 0, 0, 800, 0, 1, 1, 2.409826259873399e-06], [0, 5, 40, 0, 0, 800, 0, 1, 1, 2.409826259873399e-06], [0, 5, 40, 0, 0, 800, 0, 1, 1, 2.409826259873399e-06], [0, 6, 80, 0, 0, 1600, 0, 1, 1, 2.4161536694158566e-06], [0, 5, 80, 0, 0, 1600, 0, 1, 1, 2.4161536694158566e-06], [0, 5, 80, 0, 0, 1600, 0, 1, 1, 2.4161536694158566e-06], [0, 6, 80, 0, 0, 1600, 0, 1, 1, 2.4161536694158566e-06], [0, 5, 80, 0, 0, 1600, 0, 1, 1, 2.4161536694158566e-06], [0, 5, 80, 0, 0, 1600, 0, 1, 1, 2.4161536694158566e-06], [0, 5, 80, 0, 0, 1600, 0, 0, 1, 2.4170509103008984e-06], [0, 6, 40, 0, 0, 3200, 0, 0, 2, 2.4213378546471555e-06], [0, 5, 40, 0, 0, 3200, 1, 0, 1, 2.4239840908910847e-06], [0, 6, 40, 0, 0, 3200, 1, 0, 1, 2.4239840908910847e-06], [0, 5, 40, 0, 0, 3200, 1, 0, 1, 2.4239840908910847e-06], [0, 5, 160, 0, 0, 1600, 0, 1, 0, 2.466967192983846e-06], [0, 6, 20, 1, 1, 3200, 0, 1, 1, 2.924101770306646e-06], [1, 5, 160, 0, 1, 1, 1, 1, 9, 8.363799879560078e-06], [1, 5, 20, 1, 0, 1, 1, 1, 4, 8.86704538201315e-06], [1, 5, 160, 1, 1, 0, 1, 1, 2, 9.04733740399549e-06], [0, 6, 20, 1, 1, 800, 0, 1, 10, 1.071986834448647e-05]]
Run: 4	 Scenario: 0
energy: 21.0984	throughput: 2524460.0
energy: 5.70435	throughput: 549920.0
energy: 6.08351	throughput: 2524460.0
energy: 6.07705	throughput: 2524380.0
energy: 6.07615	throughput: 2524380.0
energy: 6.07615	throughput: 2524380.0
energy: 5.6414	throughput: 574920.0
energy: 6.09929	throughput: 2524380.0
energy: 5.76362	throughput: 574920.0
energy: 6.41692	throughput: 2350160.0
energy: 5.64737	throughput: 574920.0
energy: 6.42454	throughput: 2524160.0
energy: 6.05063	throughput: 2524360.0
energy: 6.1017	throughput: 2524440.0
energy: 6.09929	throughput: 2524380.0
energy: 6.38755	throughput: 2350130.0
energy: 6.45397	throughput: 2524220.0
energy: 6.11896	throughput: 2524340.0
energy: 20.838	throughput: 2350050.0
energy: 20.8575	throughput: 2524220.0
energy: 21.0941	throughput: 2350450.0
energy: 6.4154	throughput: 2349910.0
energy: 6.70856	throughput: 2524200.0
energy: 6.87623	throughput: 2351570.0
energy: 6.89515	throughput: 2350090.0
energy: 20.8135	throughput: 2524560.0
energy: 21.3228	throughput: 2524200.0
energy: 5.79865	throughput: 549920.0
energy: 6.36956	throughput: 1679330.0
energy: 6.71199	throughput: 1593990.0
[[0, 6, 80, 0, 0, 1600, 0, 1, 3, 2.3968966391481406e-06], [0, 6, 80, 0, 0, 1600, 0, 1, 3, 2.3968966391481406e-06], [0, 6, 40, 0, 0, 3200, 1, 0, 4, 2.406987062169721e-06], [0, 6, 40, 0, 0, 3200, 1, 0, 4, 2.406987062169721e-06], [0, 6, 40, 0, 0, 3200, 1, 0, 4, 2.406987062169721e-06], [0, 6, 40, 0, 0, 3200, 1, 0, 4, 2.406987062169721e-06], [0, 5, 20, 0, 0, 3200, 1, 1, 3, 2.4073435853556122e-06], [0, 5, 20, 0, 0, 3200, 1, 1, 3, 2.4073435853556122e-06], [0, 5, 40, 0, 0, 800, 0, 1, 1, 2.409826259873399e-06], [0, 5, 40, 0, 0, 800, 0, 1, 1, 2.409826259873399e-06], [0, 6, 80, 0, 0, 1600, 0, 1, 1, 2.4161536694158566e-06], [0, 6, 40, 0, 0, 1600, 1, 1, 1, 2.4161536694158566e-06], [0, 6, 80, 0, 0, 1600, 0, 1, 1, 2.4161536694158566e-06], [0, 6, 40, 0, 0, 1600, 1, 1, 1, 2.4161536694158566e-06], [0, 5, 80, 0, 0, 1600, 0, 0, 1, 2.4170509103008984e-06], [0, 5, 40, 0, 0, 3200, 1, 0, 1, 2.4239840908910847e-06], [0, 5, 40, 0, 1, 800, 0, 1, 1, 2.545219003549696e-06], [0, 5, 80, 0, 1, 1600, 0, 1, 1, 2.556817551560482e-06], [0, 5, 160, 0, 1, 1600, 0, 1, 0, 2.657697488313129e-06], [0, 5, 80, 1, 0, 1600, 0, 1, 1, 2.7179560279644104e-06], [0, 6, 160, 1, 0, 1600, 0, 1, 5, 3.7929174134922855e-06], [0, 5, 20, 1, 1, 1600, 0, 0, 5, 4.210810607343836e-06], [1, 5, 20, 0, 0, 0, 0, 0, 10, 8.244406946160915e-06], [1, 5, 160, 0, 1, 1, 0, 1, 1, 8.447349655336344e-06], [0, 5, 80, 1, 1, 800, 1, 0, 6, 1.054453375036369e-05]]
max: 2.406987062169721e-06 -> gen: 0/5
min: 2.3968966391481406e-06 -> gen: 5/5
avgBest: 2.405016680203763e-06 +- 3.6860452080502895e-09
avgGen: 4.378742867112184e-06 +- 1.2941708206648453e-06
AvgDiversity: 289.3333333333333 +- 7.318166133366716
root@MIKE-LAPTOP:/mnt/d/Users/Miguel/ns3/ns-3-allinone/ns-3.33# 