energy: 2.07094	throughput: 126226.0
energy: 2.11406	throughput: 117501.0
energy: 2.07902	throughput: 126212.0
energy: 2.09017	throughput: 117507.0
energy: 0.564011	throughput: 28746.0
energy: 0.564014	throughput: 28746.0
energy: 0.570473	throughput: 27496.0
energy: 2.09163	throughput: 126216.0
energy: 2.0748	throughput: 117501.0
energy: 2.0684	throughput: 126226.0
energy: 2.21257	throughput: 117743.0
energy: 2.0678	throughput: 126226.0
energy: 0.579869	throughput: 27496.0
energy: 0.574486	throughput: 28746.0
energy: 2.10518	throughput: 1846.67
energy: 0.573512	throughput: 28746.0
energy: 2.10941	throughput: 117521.0
energy: 2.08562	throughput: 126214.0
energy: 0.590338	throughput: 27496.0
energy: 2.10518	throughput: 1846.67
energy: 0.57638	throughput: 28746.0
energy: 0.609932	throughput: 126220.0
energy: 0.670957	throughput: 126208.0
energy: 0.64154	throughput: 117499.0
energy: 0.683713	throughput: 117515.0
[[0, 5, 80, 0, 0, 1600, 1, 1, 2, 4.8322928220567265e-06], [0, 6, 20, 0, 1, 800, 0, 0, 0, 5.31627947515213e-06], [0, 6, 40, 1, 0, 3200, 1, 0, 2, 5.459961361373288e-06], [0, 5, 80, 1, 1, 800, 1, 1, 1, 5.818091307492661e-06], [1, 5, 40, 0, 0, 0, 1, 0, 21, 1.6381728011661624e-05], [1, 5, 80, 0, 0, 1, 1, 1, 13, 1.6386481390521763e-05], [1, 5, 160, 0, 0, 1, 1, 0, 12, 1.6406604027696352e-05], [1, 5, 20, 0, 1, 0, 1, 1, 22, 1.647244319082179e-05], [1, 5, 40, 0, 1, 0, 0, 0, 5, 1.652447430554455e-05], [1, 5, 20, 0, 1, 1, 1, 0, 4, 1.6571829245103632e-05], [1, 5, 40, 1, 0, 1, 1, 1, 20, 1.76577220619399e-05], [1, 5, 80, 1, 1, 0, 0, 1, 22, 1.7787621162994546e-05], [1, 5, 160, 1, 1, 1, 1, 0, 10, 1.794921758664409e-05], [1, 5, 160, 1, 0, 1, 0, 1, 16, 1.799184687789891e-05], [1, 5, 40, 1, 1, 1, 1, 0, 0, 1.8791520515020002e-05], [0, 5, 80, 0, 0, 800, 1, 1, 8, 1.962050372225701e-05], [0, 6, 20, 0, 0, 800, 0, 0, 8, 1.9620608084603076e-05], [0, 6, 40, 0, 1, 1600, 0, 0, 6, 1.9951019272246575e-05], [0, 6, 80, 0, 1, 3200, 1, 1, 6, 1.9984902247269186e-05], [0, 5, 160, 0, 0, 1600, 1, 0, 10, 2.005078967508523e-05], [0, 5, 20, 1, 0, 3200, 1, 0, 9, 2.074749054407914e-05], [0, 6, 40, 1, 1, 800, 1, 1, 7, 2.1089212976432935e-05], [0, 5, 80, 1, 1, 1600, 0, 0, 10, 2.1469959266802447e-05], [1, 5, 160, 1, 0, 0, 0, 0, 23, 0.0011399871119366209], [1, 5, 20, 1, 0, 1, 0, 0, 23, 0.0011399871119366209]]
Run: 0	 Scenario: 0
energy: 2.07464	throughput: 126230.0
energy: 2.0678	throughput: 126226.0
energy: 2.07464	throughput: 126230.0
energy: 2.07902	throughput: 126212.0
energy: 2.21257	throughput: 117743.0
energy: 2.10941	throughput: 117521.0
energy: 2.07094	throughput: 126226.0
energy: 2.09017	throughput: 117507.0
energy: 0.564014	throughput: 28746.0
energy: 0.564014	throughput: 28746.0
energy: 0.573512	throughput: 28746.0
energy: 0.581928	throughput: 27496.0
energy: 0.683713	throughput: 117515.0
energy: 2.16183	throughput: 126210.0
energy: 2.10518	throughput: 1846.67
energy: 0.56413	throughput: 28746.0
energy: 0.576363	throughput: 28746.0
energy: 0.637255	throughput: 117503.0
[[0, 5, 80, 0, 0, 1600, 1, 1, 2, 4.8322928220567265e-06], [0, 6, 20, 0, 1, 800, 0, 0, 0, 5.31627947515213e-06], [0, 6, 80, 1, 0, 800, 1, 1, 2, 5.423308341063632e-06], [0, 6, 40, 1, 0, 3200, 1, 0, 2, 5.459961361373288e-06], [0, 5, 80, 1, 1, 800, 1, 1, 1, 5.818091307492661e-06], [1, 5, 40, 0, 0, 0, 1, 0, 21, 1.6381728011661624e-05], [0, 5, 40, 0, 1, 1600, 0, 0, 6, 1.6381728011661624e-05], [1, 5, 80, 0, 0, 1, 1, 1, 13, 1.6386481390521763e-05], [1, 5, 160, 0, 0, 1, 1, 0, 12, 1.6406604027696352e-05], [1, 5, 80, 0, 0, 1, 1, 1, 6, 1.6435395706250496e-05], [1, 5, 80, 0, 0, 1, 1, 1, 6, 1.6435395706250496e-05], [0, 5, 20, 1, 1, 3200, 1, 0, 6, 1.6435395706250496e-05], [1, 5, 20, 0, 1, 0, 1, 1, 22, 1.647244319082179e-05], [1, 5, 40, 0, 0, 0, 1, 0, 0, 1.7128832897551702e-05], [0, 5, 160, 1, 1, 800, 1, 1, 1, 1.7787621162994546e-05], [1, 5, 160, 1, 1, 1, 1, 0, 10, 1.794921758664409e-05], [1, 5, 40, 1, 1, 1, 1, 0, 0, 1.8791520515020002e-05], [0, 5, 20, 0, 0, 800, 1, 0, 8, 1.9620608084603076e-05], [0, 5, 20, 0, 0, 800, 1, 0, 8, 1.9620608084603076e-05], [1, 5, 40, 0, 0, 0, 1, 0, 21, 1.9620608084603076e-05], [0, 5, 80, 0, 0, 1600, 0, 0, 8, 1.9624643428650943e-05], [1, 5, 160, 0, 0, 0, 1, 0, 12, 1.9951019272246575e-05], [0, 6, 40, 0, 0, 1600, 0, 1, 10, 2.0050198288457522e-05], [1, 5, 80, 1, 1, 0, 0, 1, 22, 2.116409659586849e-05], [1, 5, 20, 1, 0, 1, 1, 0, 23, 0.0011399871119366209]]
Run: 1	 Scenario: 0
energy: 2.0678	throughput: 126226.0
energy: 2.07775	throughput: 117505.0
energy: 2.07775	throughput: 117505.0
energy: 2.13018	throughput: 117501.0
energy: 2.07094	throughput: 126226.0
energy: 2.07775	throughput: 117505.0
energy: 2.13018	throughput: 117501.0
energy: 2.13018	throughput: 117501.0
energy: 0.60808	throughput: 126216.0
energy: 0.60808	throughput: 126216.0
energy: 0.64154	throughput: 117499.0
energy: 0.645324	throughput: 126210.0
energy: 0.683713	throughput: 117515.0
energy: 2.12132	throughput: 117507.0
energy: 2.07782	throughput: 117503.0
energy: 2.10941	throughput: 117521.0
energy: 2.10518	throughput: 1846.67
energy: 0.564134	throughput: 28746.0
[[0, 5, 80, 0, 0, 800, 1, 0, 2, 4.8177727071052795e-06], [0, 5, 80, 0, 0, 800, 1, 0, 2, 4.8177727071052795e-06], [1, 5, 80, 1, 1, 0, 1, 1, 9, 4.8177727071052795e-06], [1, 5, 80, 1, 1, 0, 1, 1, 9, 4.8177727071052795e-06], [1, 5, 80, 1, 1, 0, 1, 1, 9, 4.8177727071052795e-06], [0, 5, 80, 0, 0, 1600, 1, 1, 2, 4.8322928220567265e-06], [1, 5, 160, 0, 0, 1, 1, 0, 12, 5.113097218920846e-06], [0, 6, 20, 0, 1, 800, 0, 0, 0, 5.31627947515213e-06], [0, 6, 80, 1, 0, 800, 1, 1, 2, 5.423308341063632e-06], [0, 6, 40, 1, 0, 3200, 1, 0, 2, 5.459961361373288e-06], [0, 6, 40, 1, 0, 3200, 1, 0, 2, 5.459961361373288e-06], [0, 5, 80, 1, 1, 800, 1, 1, 1, 5.818091307492661e-06], [1, 5, 40, 0, 0, 0, 1, 0, 21, 1.6381728011661624e-05], [0, 5, 40, 0, 1, 1600, 0, 0, 6, 1.6381728011661624e-05], [0, 5, 40, 0, 1, 1600, 0, 0, 1, 1.6381728011661624e-05], [1, 5, 160, 1, 0, 1, 1, 1, 6, 1.7682226288243055e-05], [1, 5, 160, 1, 0, 1, 1, 1, 6, 1.7682226288243055e-05], [1, 5, 160, 1, 0, 1, 1, 1, 6, 1.7682226288243055e-05], [0, 5, 20, 1, 1, 800, 1, 1, 1, 1.7682226288243055e-05], [1, 5, 40, 1, 0, 0, 0, 0, 19, 1.7683122984094022e-05], [1, 5, 40, 1, 1, 0, 1, 0, 10, 1.794921758664409e-05], [1, 5, 40, 1, 0, 1, 0, 0, 8, 1.8052711753342353e-05], [1, 5, 40, 0, 0, 1, 1, 0, 21, 1.812903719968341e-05], [0, 5, 160, 0, 0, 1600, 1, 1, 8, 1.9624782578445698e-05], [1, 5, 80, 1, 0, 1, 0, 1, 23, 0.0011399871119366209]]
Run: 2	 Scenario: 0
energy: 2.07094	throughput: 126226.0
energy: 2.13228	throughput: 126210.0
energy: 2.15924	throughput: 117572.0
energy: 2.15924	throughput: 117572.0
energy: 2.15924	throughput: 117572.0
energy: 2.10941	throughput: 117521.0
energy: 2.07775	throughput: 117505.0
energy: 2.15924	throughput: 117572.0
energy: 2.15924	throughput: 117572.0
energy: 0.621906	throughput: 126218.0
energy: 0.64154	throughput: 117499.0
energy: 0.64154	throughput: 117499.0
energy: 0.637255	throughput: 117503.0
energy: 2.08792	throughput: 126222.0
energy: 2.09983	throughput: 117504.0
energy: 2.09873	throughput: 117511.0
energy: 0.581928	throughput: 27496.0
energy: 0.579867	throughput: 27496.0
[[0, 5, 80, 0, 0, 800, 1, 0, 2, 4.8177727071052795e-06], [0, 5, 80, 0, 0, 800, 1, 0, 2, 4.8177727071052795e-06], [1, 5, 80, 1, 1, 0, 1, 1, 9, 4.8177727071052795e-06], [1, 5, 80, 1, 1, 0, 1, 1, 9, 4.8177727071052795e-06], [1, 5, 80, 1, 1, 0, 1, 1, 9, 4.8177727071052795e-06], [0, 5, 80, 0, 0, 1600, 1, 1, 2, 4.8322928220567265e-06], [1, 5, 160, 0, 0, 1, 1, 0, 12, 5.113097218920846e-06], [0, 5, 40, 1, 0, 3200, 1, 0, 2, 5.459961361373288e-06], [0, 5, 40, 1, 0, 3200, 1, 0, 2, 5.459961361373288e-06], [0, 6, 80, 1, 0, 800, 1, 1, 2, 5.459961361373288e-06], [1, 5, 160, 0, 0, 0, 1, 0, 12, 1.6406604027696352e-05], [1, 5, 80, 0, 0, 0, 0, 1, 3, 1.6541648840931056e-05], [1, 5, 40, 0, 1, 1, 0, 0, 1, 1.689469931067269e-05], [1, 5, 80, 1, 1, 0, 1, 0, 11, 1.7859859928006742e-05], [1, 5, 40, 1, 0, 0, 1, 0, 2, 1.787028526688453e-05], [1, 5, 40, 1, 1, 0, 1, 0, 10, 1.794921758664409e-05], [1, 5, 80, 1, 1, 1, 1, 0, 16, 1.8365257033987686e-05], [1, 5, 80, 1, 1, 1, 1, 0, 16, 1.8365257033987686e-05], [1, 5, 80, 1, 1, 1, 1, 0, 16, 1.8365257033987686e-05], [1, 5, 160, 1, 0, 1, 1, 1, 6, 1.8365257033987686e-05], [1, 5, 80, 1, 1, 1, 1, 0, 16, 1.8365257033987686e-05], [1, 5, 80, 1, 1, 1, 1, 0, 16, 1.8365257033987686e-05], [0, 6, 20, 0, 0, 800, 0, 0, 0, 1.8365257033987686e-05], [0, 5, 20, 1, 1, 800, 1, 0, 8, 2.108914023858016e-05], [0, 6, 40, 1, 1, 3200, 1, 0, 6, 2.116409659586849e-05]]
Run: 3	 Scenario: 0
energy: 2.06944	throughput: 53066.3
energy: 2.08081	throughput: 117505.0
energy: 2.08081	throughput: 117505.0
energy: 2.08081	throughput: 117505.0
energy: 2.08081	throughput: 117505.0
energy: 2.15924	throughput: 117572.0
energy: 2.08081	throughput: 117505.0
energy: 2.08081	throughput: 117505.0
energy: 2.13228	throughput: 126210.0
energy: 0.582792	throughput: 27496.0
energy: 0.582792	throughput: 27496.0
energy: 0.609754	throughput: 126220.0
energy: 0.609754	throughput: 126220.0
energy: 2.08371	throughput: 126210.0
energy: 2.07894	throughput: 126212.0
energy: 2.07847	throughput: 126212.0
energy: 0.564134	throughput: 28746.0
energy: 0.579059	throughput: 70268.7
[[0, 5, 80, 0, 0, 800, 1, 0, 2, 4.8177727071052795e-06], [0, 5, 80, 0, 0, 800, 1, 0, 2, 4.8177727071052795e-06], [1, 5, 80, 1, 1, 0, 1, 1, 9, 4.8177727071052795e-06], [1, 5, 80, 1, 1, 0, 1, 1, 9, 4.8177727071052795e-06], [1, 5, 80, 1, 1, 0, 1, 1, 9, 4.8177727071052795e-06], [1, 5, 80, 1, 1, 1, 0, 1, 16, 4.83088258596102e-06], [0, 5, 80, 0, 0, 1600, 1, 1, 2, 4.8322928220567265e-06], [1, 5, 160, 0, 0, 1, 1, 0, 12, 5.113097218920846e-06], [0, 6, 80, 0, 1, 1600, 1, 0, 5, 8.24063914659016e-06], [1, 5, 160, 0, 1, 0, 0, 1, 23, 1.646808544353944e-05], [1, 5, 40, 0, 1, 1, 1, 1, 21, 1.647180933667163e-05], [1, 5, 40, 0, 1, 0, 1, 1, 7, 1.6509864511528405e-05], [1, 5, 80, 1, 0, 1, 0, 1, 5, 1.7708267733287946e-05], [1, 5, 80, 1, 0, 1, 0, 1, 5, 1.7708267733287946e-05], [0, 6, 80, 1, 0, 3200, 0, 1, 10, 1.7708267733287946e-05], [1, 5, 80, 1, 0, 1, 0, 1, 5, 1.7708267733287946e-05], [1, 5, 80, 1, 0, 1, 0, 1, 5, 1.7708267733287946e-05], [1, 5, 40, 0, 1, 1, 0, 0, 1, 1.7708267733287946e-05], [1, 5, 80, 1, 0, 1, 0, 1, 5, 1.7708267733287946e-05], [1, 5, 80, 1, 0, 1, 0, 1, 5, 1.7708267733287946e-05], [0, 6, 80, 1, 0, 3200, 0, 1, 10, 1.7708267733287946e-05], [0, 5, 20, 0, 0, 1600, 0, 1, 8, 1.9624782578445698e-05], [1, 5, 80, 0, 0, 0, 0, 0, 23, 2.1195519348268837e-05], [0, 5, 80, 0, 0, 1600, 1, 0, 2, 3.899725437801392e-05], [0, 5, 80, 0, 0, 1600, 1, 0, 2, 3.899725437801392e-05]]
Run: 4	 Scenario: 0
energy: 2.11109	throughput: 126204.0
energy: 2.11109	throughput: 126204.0
energy: 2.07847	throughput: 126212.0
energy: 2.09019	throughput: 117519.0
energy: 2.09019	throughput: 117519.0
energy: 2.09019	throughput: 117519.0
energy: 2.09019	throughput: 117519.0
energy: 2.07094	throughput: 126226.0
energy: 2.11109	throughput: 126204.0
energy: 2.11109	throughput: 126204.0
energy: 2.09019	throughput: 117519.0
energy: 0.608351	throughput: 126224.0
energy: 0.644999	throughput: 126208.0
energy: 2.11406	throughput: 117501.0
energy: 2.07775	throughput: 117505.0
energy: 2.07553	throughput: 117501.0
energy: 0.594862	throughput: 28746.0
energy: 0.607705	throughput: 126218.0
[[0, 5, 160, 0, 0, 3200, 1, 1, 3, 4.81472531651587e-06], [0, 5, 80, 0, 0, 800, 1, 0, 2, 4.8177727071052795e-06], [0, 5, 80, 0, 0, 800, 1, 0, 2, 4.8177727071052795e-06], [1, 5, 80, 1, 1, 0, 1, 1, 9, 4.8177727071052795e-06], [1, 5, 80, 1, 1, 0, 1, 1, 9, 4.8177727071052795e-06], [1, 5, 80, 1, 1, 0, 1, 1, 9, 4.8177727071052795e-06], [1, 5, 160, 0, 0, 0, 1, 0, 12, 4.819614336417796e-06], [1, 5, 80, 1, 1, 1, 0, 1, 16, 4.83088258596102e-06], [0, 5, 80, 0, 0, 1600, 1, 1, 2, 4.8322928220567265e-06], [0, 5, 80, 0, 0, 800, 1, 1, 1, 1.6727599759120153e-05], [1, 5, 20, 1, 0, 0, 0, 1, 13, 1.7663934775023192e-05], [1, 5, 160, 1, 0, 1, 1, 0, 6, 1.7682226288243055e-05], [1, 5, 80, 1, 1, 0, 0, 1, 21, 1.778597503382432e-05], [1, 5, 80, 1, 1, 0, 0, 1, 21, 1.778597503382432e-05], [1, 5, 80, 0, 1, 0, 1, 0, 9, 1.778597503382432e-05], [1, 5, 80, 1, 1, 0, 0, 1, 21, 1.778597503382432e-05], [1, 5, 80, 1, 1, 0, 0, 1, 21, 1.778597503382432e-05], [1, 5, 80, 0, 1, 0, 1, 0, 9, 1.778597503382432e-05], [1, 5, 40, 0, 1, 1, 0, 1, 23, 1.778597503382432e-05], [1, 5, 80, 0, 1, 0, 1, 0, 9, 1.778597503382432e-05], [0, 5, 160, 0, 1, 800, 1, 0, 2, 1.778597503382432e-05], [1, 5, 80, 0, 1, 0, 1, 0, 9, 1.778597503382432e-05], [1, 5, 80, 1, 1, 0, 0, 1, 21, 1.778597503382432e-05], [1, 5, 40, 1, 0, 1, 0, 0, 16, 1.799184687789891e-05], [0, 6, 80, 0, 1, 3200, 0, 1, 10, 2.069373130174633e-05]]

Média: [0.00010611427292015756, 6.0379247639844685e-05, 5.651247714598986e-05, 1.298985954775287e-05, 1.4989790195325141e-05, 1.3191657718823081e-05]
Diversidade: [300, 297, 292, 285, 279, 280]
Máximo do melhor: 4.8322928220567265e-06 -> geração: 0/5
Mínimo do melhor: 4.81472531651587e-06 -> geração: 5/5
Média do melhor: 4.82210484699086e-06 +- 7.284108843702805e-09
Média geracional: 4.4029550861315535e-05 +- 3.424274749575733e-05
Diversidade média: 288.8333333333333 +- 8.070866675202167
root@ubuntu-template:/home/ubuntu/critical_iot/ns-3-allinone/ns-3.33# 